Test Builds/launcher/build/outputs/logs/manifest-merger-debug-report.txt
-- Merging decision tree log ---
manifest
ADDED from src\main\AndroidManifest.xml:3:1-6:12
INJECTED from src\main\AndroidManifest.xml:3:1-6:12
INJECTED from src\main\AndroidManifest.xml:3:1-6:12
INJECTED from src\main\AndroidManifest.xml:3:1-6:12
MERGED from [:unityLibrary] AndroidManifest.xml:3:1-68:12
INJECTED from src\main\AndroidManifest.xml:3:1-6:12
INJECTED from src\main\AndroidManifest.xml:3:1-6:12
INJECTED from src\main\AndroidManifest.xml:3:1-6:12
	package
		ADDED from src\main\AndroidManifest.xml:3:70-112
		INJECTED from src\main\AndroidManifest.xml
		INJECTED from src\main\AndroidManifest.xml
	android:versionName
		INJECTED from src\main\AndroidManifest.xml
		ADDED from src\main\AndroidManifest.xml:3:1-6:12
		INJECTED from src\main\AndroidManifest.xml
	xmlns:tools
		ADDED from src\main\AndroidManifest.xml:3:113-159
	android:versionCode
		INJECTED from src\main\AndroidManifest.xml
		ADDED from src\main\AndroidManifest.xml:3:1-6:12
		INJECTED from src\main\AndroidManifest.xml
	xmlns:android
		ADDED from src\main\AndroidManifest.xml:3:11-69
	android:installLocation
		ADDED from src\main\AndroidManifest.xml:3:160-200
supports-screens
ADDED from src\main\AndroidManifest.xml:4:3-163
	android:largeScreens
		ADDED from src\main\AndroidManifest.xml:4:78-105
	android:smallScreens
		ADDED from src\main\AndroidManifest.xml:4:21-48
	android:normalScreens
		ADDED from src\main\AndroidManifest.xml:4:49-77
	android:xlargeScreens
		ADDED from src\main\AndroidManifest.xml:4:106-134
	android:anyDensity
		ADDED from src\main\AndroidManifest.xml:4:135-160
application
ADDED from src\main\AndroidManifest.xml:5:3-83
MERGED from [:unityLibrary] AndroidManifest.xml:32:5-66:19
MERGED from [:unityLibrary] AndroidManifest.xml:32:5-66:19
	android:label
		ADDED from src\main\AndroidManifest.xml:5:16-48
	android:icon
		ADDED from src\main\AndroidManifest.xml:5:49-80
uses-sdk
INJECTED from src\main\AndroidManifest.xml reason: use-sdk injection requested
INJECTED from src\main\AndroidManifest.xml
INJECTED from src\main\AndroidManifest.xml
MERGED from [:unityLibrary] AndroidManifest.xml:9:5-11:41
MERGED from [:unityLibrary] AndroidManifest.xml:9:5-11:41
INJECTED from src\main\AndroidManifest.xml
INJECTED from src\main\AndroidManifest.xml
	android:targetSdkVersion
		INJECTED from src\main\AndroidManifest.xml
		ADDED from src\main\AndroidManifest.xml
		INJECTED from src\main\AndroidManifest.xml
	android:minSdkVersion
		INJECTED from src\main\AndroidManifest.xml
		ADDED from src\main\AndroidManifest.xml
		INJECTED from src\main\AndroidManifest.xml
uses-feature#0x00030000
ADDED from [:unityLibrary] AndroidManifest.xml:13:5-54
	android:glEsVersion
		ADDED from [:unityLibrary] AndroidManifest.xml:13:19-51
uses-feature#android.hardware.vulkan.version
ADDED from [:unityLibrary] AndroidManifest.xml:14:5-16:36
	android:required
		ADDED from [:unityLibrary] AndroidManifest.xml:16:9-33
	android:name
		ADDED from [:unityLibrary] AndroidManifest.xml:15:9-55
supports-gl-texture#GL_OES_compressed_ETC1_RGB8_texture
ADDED from [:unityLibrary] AndroidManifest.xml:18:5-79
	android:name
		ADDED from [:unityLibrary] AndroidManifest.xml:18:26-76
uses-permission#android.permission.INTERNET
ADDED from [:unityLibrary] AndroidManifest.xml:20:5-67
	android:name
		ADDED from [:unityLibrary] AndroidManifest.xml:20:22-64
uses-feature#android.hardware.touchscreen
ADDED from [:unityLibrary] AndroidManifest.xml:22:5-24:36
	android:required
		ADDED from [:unityLibrary] AndroidManifest.xml:24:9-33
	android:name
		ADDED from [:unityLibrary] AndroidManifest.xml:23:9-52
uses-feature#android.hardware.touchscreen.multitouch
ADDED from [:unityLibrary] AndroidManifest.xml:25:5-27:36
	android:required
		ADDED from [:unityLibrary] AndroidManifest.xml:27:9-33
	android:name
		ADDED from [:unityLibrary] AndroidManifest.xml:26:9-63
uses-feature#android.hardware.touchscreen.multitouch.distinct
ADDED from [:unityLibrary] AndroidManifest.xml:28:5-30:36
	android:required
		ADDED from [:unityLibrary] AndroidManifest.xml:30:9-33
	android:name
		ADDED from [:unityLibrary] AndroidManifest.xml:29:9-72
activity#com.unity3d.player.UnityPlayerActivity
ADDED from [:unityLibrary] AndroidManifest.xml:33:9-52:20
	android:screenOrientation
		ADDED from [:unityLibrary] AndroidManifest.xml:38:13-49
	android:launchMode
		ADDED from [:unityLibrary] AndroidManifest.xml:37:13-44
	android:hardwareAccelerated
		ADDED from [:unityLibrary] AndroidManifest.xml:36:13-48
	android:configChanges
		ADDED from [:unityLibrary] AndroidManifest.xml:35:13-194
	android:theme
		ADDED from [:unityLibrary] AndroidManifest.xml:39:13-54
	android:name
		ADDED from [:unityLibrary] AndroidManifest.xml:34:13-66
intent-filter#action:name:android.intent.action.MAIN+category:name:android.intent.category.LAUNCHER
ADDED from [:unityLibrary] AndroidManifest.xml:40:13-44:29
action#android.intent.action.MAIN
ADDED from [:unityLibrary] AndroidManifest.xml:41:17-69
	android:name
		ADDED from [:unityLibrary] AndroidManifest.xml:41:25-66
category#android.intent.category.LAUNCHER
ADDED from [:unityLibrary] AndroidManifest.xml:43:17-77
	android:name
		ADDED from [:unityLibrary] AndroidManifest.xml:43:27-74
meta-data#unityplayer.UnityActivity
ADDED from [:unityLibrary] AndroidManifest.xml:46:13-48:40
	android:value
		ADDED from [:unityLibrary] AndroidManifest.xml:48:17-37
	android:name
		ADDED from [:unityLibrary] AndroidManifest.xml:47:17-57
meta-data#android.notch_support
ADDED from [:unityLibrary] AndroidManifest.xml:49:13-51:40
	android:value
		ADDED from [:unityLibrary] AndroidManifest.xml:51:17-37
	android:name
		ADDED from [:unityLibrary] AndroidManifest.xml:50:17-53
meta-data#unity.splash-mode
ADDED from [:unityLibrary] AndroidManifest.xml:54:9-56:33
	android:value
		ADDED from [:unityLibrary] AndroidManifest.xml:56:13-30
	android:name
		ADDED from [:unityLibrary] AndroidManifest.xml:55:13-45
meta-data#unity.splash-enable
ADDED from [:unityLibrary] AndroidManifest.xml:57:9-59:36
	android:value
		ADDED from [:unityLibrary] AndroidManifest.xml:59:13-33
	android:name
		ADDED from [:unityLibrary] AndroidManifest.xml:58:13-47
meta-data#notch.config
ADDED from [:unityLibrary] AndroidManifest.xml:60:9-62:50
	android:value
		ADDED from [:unityLibrary] AndroidManifest.xml:62:13-47
	android:name
		ADDED from [:unityLibrary] AndroidManifest.xml:61:13-40
meta-data#unity.build-id
ADDED from [:unityLibrary] AndroidManifest.xml:63:9-65:68
	android:value
		ADDED from [:unityLibrary] AndroidManifest.xml:65:13-65
	android:name
		ADDED from [:unityLibrary] AndroidManifest.xml:64:13-42